# JRE version: OpenJDK Runtime Environment (17.0.7) (build 17.0.7+0-b2043.56-10550314)
# Java VM: OpenJDK 64-Bit Server VM (17.0.7+0-b2043.56-10550314, mixed mode, tiered, compressed oops, compressed class ptrs, g1 gc, windows-amd64)
GC Precious Log:
 CPUs: 16 total, 16 available
 Memory: 16087M
 Large Page Support: Disabled
 NUMA Support: Disabled
 Compressed Oops: Enabled (32-bit)
 Heap Region Size: 1M
 Heap Min Capacity: 8M
 Heap Initial Capacity: 252M
 Heap Max Capacity: 2G
 Pre-touch: Disabled
 Parallel Workers: 13
 Concurrent Workers: 3
 Concurrent Refinement Workers: 13
 Periodic GC: Disabled
Heap:
 garbage-first heap   total 275456K, used 154085K [0x0000000080000000, 0x0000000100000000)
  region size 1024K, 88 young (90112K), 6 survivors (6144K)
 Metaspace       used 58125K, committed 58688K, reserved 1114112K
  class space    used 7569K, committed 7808K, reserved 1048576K
GC Heap History (20 events):
Event: 9.866 GC heap before
{Heap before GC invocations=30 (full 0):
 garbage-first heap   total 229376K, used 197844K [0x0000000080000000, 0x0000000100000000)
  region size 1024K, 133 young (136192K), 6 survivors (6144K)
 Metaspace       used 54220K, committed 54720K, reserved 1114112K
  class space    used 7175K, committed 7424K, reserved 1048576K
}
Event: 9.877 GC heap after
{Heap after GC invocations=31 (full 0):
 garbage-first heap   total 229376K, used 67707K [0x0000000080000000, 0x0000000100000000)
  region size 1024K, 6 young (6144K), 6 survivors (6144K)
 Metaspace       used 54220K, committed 54720K, reserved 1114112K
  class space    used 7175K, committed 7424K, reserved 1048576K
}
Event: 10.296 GC heap before
{Heap before GC invocations=31 (full 0):
 garbage-first heap   total 229376K, used 197755K [0x0000000080000000, 0x0000000100000000)
  region size 1024K, 133 young (136192K), 6 survivors (6144K)
 Metaspace       used 54268K, committed 54784K, reserved 1114112K
  class space    used 7175K, committed 7424K, reserved 1048576K
}
Event: 10.310 GC heap after
{Heap after GC invocations=32 (full 0):
 garbage-first heap   total 229376K, used 68830K [0x0000000080000000, 0x0000000100000000)
  region size 1024K, 7 young (7168K), 7 survivors (7168K)
 Metaspace       used 54268K, committed 54784K, reserved 1114112K
  class space    used 7175K, committed 7424K, reserved 1048576K
}
Event: 10.614 GC heap before
{Heap before GC invocations=32 (full 0):
 garbage-first heap   total 229376K, used 196830K [0x0000000080000000, 0x0000000100000000)
  region size 1024K, 132 young (135168K), 7 survivors (7168K)
 Metaspace       used 54276K, committed 54784K, reserved 1114112K
  class space    used 7176K, committed 7424K, reserved 1048576K
}
Event: 10.620 GC heap after
{Heap after GC invocations=33 (full 0):
 garbage-first heap   total 229376K, used 69743K [0x0000000080000000, 0x0000000100000000)
  region size 1024K, 8 young (8192K), 8 survivors (8192K)
 Metaspace       used 54276K, committed 54784K, reserved 1114112K
  class space    used 7176K, committed 7424K, reserved 1048576K
}
Event: 11.002 GC heap before
{Heap before GC invocations=33 (full 0):
 garbage-first heap   total 229376K, used 195695K [0x0000000080000000, 0x0000000100000000)
  region size 1024K, 131 young (134144K), 8 survivors (8192K)
 Metaspace       used 54279K, committed 54784K, reserved 1114112K
  class space    used 7176K, committed 7424K, reserved 1048576K
}
Event: 11.010 GC heap after
{Heap after GC invocations=34 (full 0):
 garbage-first heap   total 229376K, used 70701K [0x0000000080000000, 0x0000000100000000)
  region size 1024K, 8 young (8192K), 8 survivors (8192K)
 Metaspace       used 54279K, committed 54784K, reserved 1114112K
  class space    used 7176K, committed 7424K, reserved 1048576K
}
Event: 11.340 GC heap before
{Heap before GC invocations=34 (full 0):
 garbage-first heap   total 229376K, used 196653K [0x0000000080000000, 0x0000000100000000)
  region size 1024K, 131 young (134144K), 8 survivors (8192K)
 Metaspace       used 54316K, committed 54784K, reserved 1114112K
  class space    used 7184K, committed 7424K, reserved 1048576K
}
Event: 11.349 GC heap after
{Heap after GC invocations=35 (full 0):
 garbage-first heap   total 275456K, used 72294K [0x0000000080000000, 0x0000000100000000)
  region size 1024K, 10 young (10240K), 10 survivors (10240K)
 Metaspace       used 54316K, committed 54784K, reserved 1114112K
  class space    used 7184K, committed 7424K, reserved 1048576K
}
Event: 11.668 GC heap before
{Heap before GC invocations=35 (full 0):
 garbage-first heap   total 275456K, used 226918K [0x0000000080000000, 0x0000000100000000)
  region size 1024K, 161 young (164864K), 10 survivors (10240K)
 Metaspace       used 54319K, committed 54784K, reserved 1114112K
  class space    used 7184K, committed 7424K, reserved 1048576K
}
Event: 11.686 GC heap after
{Heap after GC invocations=36 (full 0):
 garbage-first heap   total 275456K, used 73701K [0x0000000080000000, 0x0000000100000000)
  region size 1024K, 11 young (11264K), 11 survivors (11264K)
 Metaspace       used 54319K, committed 54784K, reserved 1114112K
  class space    used 7184K, committed 7424K, reserved 1048576K
}
Event: 12.059 GC heap before
{Heap before GC invocations=36 (full 0):
 garbage-first heap   total 275456K, used 227301K [0x0000000080000000, 0x0000000100000000)
  region size 1024K, 161 young (164864K), 11 survivors (11264K)
 Metaspace       used 54320K, committed 54784K, reserved 1114112K
  class space    used 7184K, committed 7424K, reserved 1048576K
}
Event: 12.070 GC heap after
{Heap after GC invocations=37 (full 0):
 garbage-first heap   total 275456K, used 71967K [0x0000000080000000, 0x0000000100000000)
  region size 1024K, 12 young (12288K), 12 survivors (12288K)
 Metaspace       used 54320K, committed 54784K, reserved 1114112K
  class space    used 7184K, committed 7424K, reserved 1048576K
}
Event: 12.621 GC heap before
{Heap before GC invocations=37 (full 0):
 garbage-first heap   total 275456K, used 224543K [0x0000000080000000, 0x0000000100000000)
  region size 1024K, 161 young (164864K), 12 survivors (12288K)
 Metaspace       used 54329K, committed 54784K, reserved 1114112K
  class space    used 7184K, committed 7424K, reserved 1048576K
}
Event: 12.630 GC heap after
{Heap after GC invocations=38 (full 0):
 garbage-first heap   total 275456K, used 64007K [0x0000000080000000, 0x0000000100000000)
  region size 1024K, 2 young (2048K), 2 survivors (2048K)
 Metaspace       used 54329K, committed 54784K, reserved 1114112K
  class space    used 7184K, committed 7424K, reserved 1048576K
}
Event: 12.933 GC heap before
{Heap before GC invocations=38 (full 0):
 garbage-first heap   total 275456K, used 226823K [0x0000000080000000, 0x0000000100000000)
  region size 1024K, 161 young (164864K), 2 survivors (2048K)
 Metaspace       used 54461K, committed 54976K, reserved 1114112K
  class space    used 7186K, committed 7424K, reserved 1048576K
}
Event: 12.935 GC heap after
{Heap after GC invocations=39 (full 0):
 garbage-first heap   total 275456K, used 62441K [0x0000000080000000, 0x0000000100000000)
  region size 1024K, 1 young (1024K), 1 survivors (1024K)
 Metaspace       used 54461K, committed 54976K, reserved 1114112K
  class space    used 7186K, committed 7424K, reserved 1048576K
}
Event: 14.688 GC heap before
{Heap before GC invocations=39 (full 0):
 garbage-first heap   total 275456K, used 231401K [0x0000000080000000, 0x0000000100000000)
  region size 1024K, 161 young (164864K), 1 survivors (1024K)
 Metaspace       used 58118K, committed 58688K, reserved 1114112K
  class space    used 7569K, committed 7808K, reserved 1048576K
}
Event: 14.694 GC heap after
{Heap after GC invocations=40 (full 0):
 garbage-first heap   total 275456K, used 71141K [0x0000000080000000, 0x0000000100000000)
  region size 1024K, 6 young (6144K), 6 survivors (6144K)
 Metaspace       used 58118K, committed 58688K, reserved 1114112K
  class space    used 7569K, committed 7808K, reserved 1048576K
}

